This is pdfTeX, Version 3.14159265-2.6-1.40.19 (MiKTeX 2.9.6630 64-bit) (preloaded format=pdflatex 2018.6.12)  18 JUL 2018 13:55
entering extended mode
**"./bootstrapping paper.tex"
("bootstrapping paper.tex"
LaTeX2e <2017-04-15>
Babel <3.18> and hyphenation patterns for 75 language(s) loaded.

("C:\Users\nitgy\AppData\Local\Programs\MiKTeX 2.9\tex\latex\ieeetran\IEEEtran.
cls"
Document Class: IEEEtran 2015/08/26 V1.8b by Michael Shell
-- See the "IEEEtran_HOWTO" manual for usage information.
-- http://www.michaelshell.org/tex/ieeetran/
\@IEEEtrantmpdimenA=\dimen102
\@IEEEtrantmpdimenB=\dimen103
\@IEEEtrantmpdimenC=\dimen104
\@IEEEtrantmpcountA=\count79
\@IEEEtrantmpcountB=\count80
\@IEEEtrantmpcountC=\count81
\@IEEEtrantmptoksA=\toks14
LaTeX Font Info:    Try loading font information for OT1+ppl on input line 503.

("C:\Users\nitgy\AppData\Local\Programs\MiKTeX 2.9\tex\latex\psnfss\ot1ppl.fd"
File: ot1ppl.fd 2001/06/04 font definitions for OT1/ppl.
)
-- Using IEEE Computer Society mode.
-- Using 8.5in x 11in (letter) paper.
-- Using PDF output.
\@IEEEnormalsizeunitybaselineskip=\dimen105
-- This is a 10 point document.
\CLASSINFOnormalsizebaselineskip=\dimen106
\CLASSINFOnormalsizeunitybaselineskip=\dimen107
\IEEEnormaljot=\dimen108
LaTeX Font Info:    Font shape `OT1/ppl/bx/n' in size <5.01874> not available
(Font)              Font shape `OT1/ppl/b/n' tried instead on input line 1090.
LaTeX Font Info:    Font shape `OT1/ppl/bx/it' in size <5.01874> not available
(Font)              Font shape `OT1/ppl/b/it' tried instead on input line 1090.

LaTeX Font Info:    Font shape `OT1/ppl/bx/n' in size <7.02625> not available
(Font)              Font shape `OT1/ppl/b/n' tried instead on input line 1090.
LaTeX Font Info:    Font shape `OT1/ppl/bx/it' in size <7.02625> not available
(Font)              Font shape `OT1/ppl/b/it' tried instead on input line 1090.

LaTeX Font Info:    Font shape `OT1/ppl/bx/n' in size <8.03> not available
(Font)              Font shape `OT1/ppl/b/n' tried instead on input line 1090.
LaTeX Font Info:    Font shape `OT1/ppl/bx/it' in size <8.03> not available
(Font)              Font shape `OT1/ppl/b/it' tried instead on input line 1090.

LaTeX Font Info:    Font shape `OT1/ppl/bx/n' in size <9.03374> not available
(Font)              Font shape `OT1/ppl/b/n' tried instead on input line 1090.
LaTeX Font Info:    Font shape `OT1/ppl/bx/it' in size <9.03374> not available
(Font)              Font shape `OT1/ppl/b/it' tried instead on input line 1090.

LaTeX Font Info:    Font shape `OT1/ppl/bx/n' in size <9.53561> not available
(Font)              Font shape `OT1/ppl/b/n' tried instead on input line 1090.
LaTeX Font Info:    Font shape `OT1/ppl/bx/it' in size <9.53561> not available
(Font)              Font shape `OT1/ppl/b/it' tried instead on input line 1090.

LaTeX Font Info:    Font shape `OT1/ppl/bx/n' in size <11.04124> not available
(Font)              Font shape `OT1/ppl/b/n' tried instead on input line 1090.
LaTeX Font Info:    Font shape `OT1/ppl/bx/it' in size <11.04124> not available

(Font)              Font shape `OT1/ppl/b/it' tried instead on input line 1090.

LaTeX Font Info:    Font shape `OT1/ppl/bx/n' in size <12.045> not available
(Font)              Font shape `OT1/ppl/b/n' tried instead on input line 1090.
LaTeX Font Info:    Font shape `OT1/ppl/bx/it' in size <12.045> not available
(Font)              Font shape `OT1/ppl/b/it' tried instead on input line 1090.

LaTeX Font Info:    Font shape `OT1/ppl/bx/n' in size <17.06374> not available
(Font)              Font shape `OT1/ppl/b/n' tried instead on input line 1090.
LaTeX Font Info:    Font shape `OT1/ppl/bx/it' in size <17.06374> not available

(Font)              Font shape `OT1/ppl/b/it' tried instead on input line 1090.

LaTeX Font Info:    Font shape `OT1/ppl/bx/n' in size <20.075> not available
(Font)              Font shape `OT1/ppl/b/n' tried instead on input line 1090.
LaTeX Font Info:    Font shape `OT1/ppl/bx/it' in size <20.075> not available
(Font)              Font shape `OT1/ppl/b/it' tried instead on input line 1090.

LaTeX Font Info:    Font shape `OT1/ppl/bx/n' in size <24.09> not available
(Font)              Font shape `OT1/ppl/b/n' tried instead on input line 1090.
LaTeX Font Info:    Font shape `OT1/ppl/bx/it' in size <24.09> not available
(Font)              Font shape `OT1/ppl/b/it' tried instead on input line 1090.

\IEEEquantizedlength=\dimen109
\IEEEquantizedlengthdiff=\dimen110
\IEEEquantizedtextheightdiff=\dimen111
\IEEEilabelindentA=\dimen112
\IEEEilabelindentB=\dimen113
\IEEEilabelindent=\dimen114
\IEEEelabelindent=\dimen115
\IEEEdlabelindent=\dimen116
\IEEElabelindent=\dimen117
\IEEEiednormlabelsep=\dimen118
\IEEEiedmathlabelsep=\dimen119
\IEEEiedtopsep=\skip41
\c@section=\count82
\c@subsection=\count83
\c@subsubsection=\count84
\c@paragraph=\count85
\c@IEEEsubequation=\count86
\abovecaptionskip=\skip42
\belowcaptionskip=\skip43
\c@figure=\count87
\c@table=\count88
\@IEEEeqnnumcols=\count89
\@IEEEeqncolcnt=\count90
\@IEEEsubeqnnumrollback=\count91
\@IEEEquantizeheightA=\dimen120
\@IEEEquantizeheightB=\dimen121
\@IEEEquantizeheightC=\dimen122
\@IEEEquantizeprevdepth=\dimen123
\@IEEEquantizemultiple=\count92
\@IEEEquantizeboxA=\box26
\@IEEEtmpitemindent=\dimen124
\IEEEPARstartletwidth=\dimen125
\c@IEEEbiography=\count93
\@IEEEtranrubishbin=\box27
) ("C:\Users\nitgy\AppData\Local\Programs\MiKTeX 2.9\tex\latex\cite\cite.sty"
LaTeX Info: Redefining \cite on input line 302.
LaTeX Info: Redefining \nocite on input line 332.
Package: cite 2015/02/27  v 5.5
)
("C:\Users\nitgy\AppData\Local\Programs\MiKTeX 2.9\tex\latex\amsmath\amsmath.st
y"
Package: amsmath 2017/09/02 v2.17a AMS math features
\@mathmargin=\skip44

For additional information on amsmath, use the `?' option.

("C:\Users\nitgy\AppData\Local\Programs\MiKTeX 2.9\tex\latex\amsmath\amstext.st
y"
Package: amstext 2000/06/29 v2.01 AMS text

("C:\Users\nitgy\AppData\Local\Programs\MiKTeX 2.9\tex\latex\amsmath\amsgen.sty
"
File: amsgen.sty 1999/11/30 v2.0 generic functions
\@emptytoks=\toks15
\ex@=\dimen126
))
("C:\Users\nitgy\AppData\Local\Programs\MiKTeX 2.9\tex\latex\amsmath\amsbsy.sty
"
Package: amsbsy 1999/11/29 v1.2d Bold Symbols
\pmbraise@=\dimen127
)
("C:\Users\nitgy\AppData\Local\Programs\MiKTeX 2.9\tex\latex\amsmath\amsopn.sty
"
Package: amsopn 2016/03/08 v2.02 operator names
)
\inf@bad=\count94
LaTeX Info: Redefining \frac on input line 213.
\uproot@=\count95
\leftroot@=\count96
LaTeX Info: Redefining \overline on input line 375.
\classnum@=\count97
\DOTSCASE@=\count98
LaTeX Info: Redefining \ldots on input line 472.
LaTeX Info: Redefining \dots on input line 475.
LaTeX Info: Redefining \cdots on input line 596.
\Mathstrutbox@=\box28
\strutbox@=\box29
\big@size=\dimen128
LaTeX Font Info:    Redeclaring font encoding OML on input line 712.
LaTeX Font Info:    Redeclaring font encoding OMS on input line 713.
\macc@depth=\count99
\c@MaxMatrixCols=\count100
\dotsspace@=\muskip10
\c@parentequation=\count101
\dspbrk@lvl=\count102
\tag@help=\toks16
\row@=\count103
\column@=\count104
\maxfields@=\count105
\andhelp@=\toks17
\eqnshift@=\dimen129
\alignsep@=\dimen130
\tagshift@=\dimen131
\tagwidth@=\dimen132
\totwidth@=\dimen133
\lineht@=\dimen134
\@envbody=\toks18
\multlinegap=\skip45
\multlinetaggap=\skip46
\mathdisplay@stack=\toks19
LaTeX Info: Redefining \[ on input line 2817.
LaTeX Info: Redefining \] on input line 2818.
) ("C:\Users\nitgy\AppData\Local\Programs\MiKTeX 2.9\tex\latex\ms\ragged2e.sty"
Package: ragged2e 2009/05/21 v2.1 ragged2e Package (MS)
 ("C:\Users\nitgy\AppData\Local\Programs\MiKTeX 2.9\tex\latex\ms\everysel.sty"
Package: everysel 2011/10/28 v1.2 EverySelectfont Package (MS)
)
\CenteringLeftskip=\skip47
\RaggedLeftLeftskip=\skip48
\RaggedRightLeftskip=\skip49
\CenteringRightskip=\skip50
\RaggedLeftRightskip=\skip51
\RaggedRightRightskip=\skip52
\CenteringParfillskip=\skip53
\RaggedLeftParfillskip=\skip54
\RaggedRightParfillskip=\skip55
\JustifyingParfillskip=\skip56
\CenteringParindent=\skip57
\RaggedLeftParindent=\skip58
\RaggedRightParindent=\skip59
\JustifyingParindent=\skip60
)
("C:\Users\nitgy\AppData\Local\Programs\MiKTeX 2.9\tex\latex\amsfonts\amsfonts.
sty"
Package: amsfonts 2013/01/14 v3.01 Basic AMSFonts support
\symAMSa=\mathgroup4
\symAMSb=\mathgroup5
LaTeX Font Info:    Overwriting math alphabet `\mathfrak' in version `bold'
(Font)                  U/euf/m/n --> U/euf/b/n on input line 106.
)
("C:\Users\nitgy\AppData\Local\Programs\MiKTeX 2.9\tex\latex\amscls\amsthm.sty"
Package: amsthm 2017/10/31 v2.20.4
\thm@style=\toks20
\thm@bodyfont=\toks21
\thm@headfont=\toks22
\thm@notefont=\toks23
\thm@headpunct=\toks24
\thm@preskip=\skip61
\thm@postskip=\skip62
\thm@headsep=\skip63
\dth@everypar=\toks25
)
("C:\Users\nitgy\AppData\Local\Programs\MiKTeX 2.9\tex\latex\algorithms\algorit
hm.sty"
Package: algorithm 2009/08/24 v0.1 Document Style `algorithm' - floating enviro
nment

("C:\Users\nitgy\AppData\Local\Programs\MiKTeX 2.9\tex\latex\float\float.sty"
Package: float 2001/11/08 v1.3d Float enhancements (AL)
\c@float@type=\count106
\float@exts=\toks26
\float@box=\box30
\@float@everytoks=\toks27
\@floatcapt=\box31
)
("C:\Users\nitgy\AppData\Local\Programs\MiKTeX 2.9\tex\latex\base\ifthen.sty"
Package: ifthen 2014/09/29 v1.1c Standard LaTeX ifthen package (DPC)
)
\@float@every@algorithm=\toks28
\c@algorithm=\count107
)
("C:\Users\nitgy\AppData\Local\Programs\MiKTeX 2.9\tex\latex\algorithmicx\algps
eudocode.sty"
Package: algpseudocode 

("C:\Users\nitgy\AppData\Local\Programs\MiKTeX 2.9\tex\latex\algorithmicx\algor
ithmicx.sty"
Package: algorithmicx 2005/04/27 v1.2 Algorithmicx

Document Style algorithmicx 1.2 - a greatly improved `algorithmic' style
\c@ALG@line=\count108
\c@ALG@rem=\count109
\c@ALG@nested=\count110
\ALG@tlm=\skip64
\ALG@thistlm=\skip65
\c@ALG@Lnr=\count111
\c@ALG@blocknr=\count112
\c@ALG@storecount=\count113
\c@ALG@tmpcounter=\count114
\ALG@tmplength=\skip66
)
Document Style - pseudocode environments for use with the `algorithmicx' style
)
\c@theorem=\count115
\c@corollary=\count116
\c@definition=\count117

No file "bootstrapping paper".aux.
\openout1 = `"bootstrapping paper.aux"'.

LaTeX Font Info:    Checking defaults for OML/cmm/m/it on input line 279.
LaTeX Font Info:    ... okay on input line 279.
LaTeX Font Info:    Checking defaults for T1/cmr/m/n on input line 279.
LaTeX Font Info:    ... okay on input line 279.
LaTeX Font Info:    Checking defaults for OT1/cmr/m/n on input line 279.
LaTeX Font Info:    ... okay on input line 279.
LaTeX Font Info:    Checking defaults for OMS/cmsy/m/n on input line 279.
LaTeX Font Info:    ... okay on input line 279.
LaTeX Font Info:    Checking defaults for OMX/cmex/m/n on input line 279.
LaTeX Font Info:    ... okay on input line 279.
LaTeX Font Info:    Checking defaults for U/cmr/m/n on input line 279.
LaTeX Font Info:    ... okay on input line 279.
-- Lines per column: 61 (exact).
ABD: EverySelectfont initializing macros
LaTeX Info: Redefining \selectfont on input line 279.
LaTeX Font Info:    Try loading font information for OT1+phv on input line 319.


("C:\Users\nitgy\AppData\Local\Programs\MiKTeX 2.9\tex\latex\psnfss\ot1phv.fd"
File: ot1phv.fd 2001/06/04 scalable font definitions for OT1/phv.
)
LaTeX Font Info:    Font shape `OT1/phv/m/it' in size <11.04124> not available
(Font)              Font shape `OT1/phv/m/sl' tried instead on input line 319.
LaTeX Font Info:    Font shape `OT1/phv/bx/n' in size <8.03> not available
(Font)              Font shape `OT1/phv/b/n' tried instead on input line 319.
LaTeX Font Info:    Try loading font information for OML+phv on input line 319.

("C:\Users\nitgy\AppData\Local\Programs\MiKTeX 2.9\tex\latex\psnfss\omlphv.fd"
File: omlphv.fd 
)
LaTeX Font Info:    Font shape `OML/phv/m/n' in size <8.03> not available
(Font)              Font shape `OML/cmm/m/it' tried instead on input line 319.
LaTeX Font Info:    Calculating math sizes for size <11.04124> on input line 31
9.
LaTeX Font Info:    Try loading font information for U+msa on input line 319.
("C:\Users\nitgy\AppData\Local\Programs\MiKTeX 2.9\tex\latex\amsfonts\umsa.fd"
File: umsa.fd 2013/01/14 v3.01 AMS symbols A
)
LaTeX Font Info:    Try loading font information for U+msb on input line 319.
("C:\Users\nitgy\AppData\Local\Programs\MiKTeX 2.9\tex\latex\amsfonts\umsb.fd"
File: umsb.fd 2013/01/14 v3.01 AMS symbols B
)
LaTeX Font Info:    Try loading font information for U+pzd on input line 319.
("C:\Users\nitgy\AppData\Local\Programs\MiKTeX 2.9\tex\latex\psnfss\upzd.fd"
File: upzd.fd 2001/06/04 font definitions for U/pzd.
)
LaTeX Font Info:    Calculating math sizes for size <8.03> on input line 319.
LaTeX Font Info:    Font shape `OT1/phv/bx/n' in size <11.04124> not available
(Font)              Font shape `OT1/phv/b/n' tried instead on input line 329.
LaTeX Font Info:    Font shape `OT1/phv/bx/sc' in size <11.04124> not available

(Font)              Font shape `OT1/phv/b/sc' tried instead on input line 329.
LaTeX Font Info:    Font shape `OT1/phv/bx/n' in size <9.53561> not available
(Font)              Font shape `OT1/phv/b/n' tried instead on input line 339.
LaTeX Font Info:    Calculating math sizes for size <9.53561> on input line 341
.
LaTeX Font Info:    Calculating math sizes for size <7.02625> on input line 342
.

[1{C:/Users/nitgy/AppData/Local/MiKTeX/2.9/pdftex/config/pdftex.map}


]
Underfull \hbox (badness 3907) in paragraph at lines 347--348
[]\OT1/ppl/m/n/9.53561 Security of the Some-what Ho-mo-mor-phic scheme
 []


Underfull \hbox (badness 2181) in paragraph at lines 349--350
[]\OT1/ppl/m/n/9.53561 Bootstrapping the ini-tial con-struc-tion of SwHE is
 []

Missing character: There is no ‚ in font pplr7t!
Missing character: There is no Ä in font pplr7t!
Missing character: There is no ô in font pplr7t!
[2]
Underfull \hbox (badness 10000) in paragraph at lines 405--406
[]\OT1/ppl/b/n/9.53561 Addition\OT1/ppl/m/n/9.53561 : Given two ho-mo-mor-phic 
reg-is-ters
 []

[3]
Underfull \hbox (badness 10000) in paragraph at lines 433--434
\OT1/ppl/b/n/9.53561 Definition 2.1. \OT1/ppl/m/n/9.53561 (B-bounded dis-tri-bu
-tions). A
 []


Underfull \hbox (badness 1867) in paragraph at lines 433--434
\OML/cmm/m/it/10 distribution ensemble  [][]$ \OT1/ppl/m/n/9.53561 over the in-
te-gers, is
 []

Missing character: There is no ‚ in font pplr7t!
Missing character: There is no Ä in font pplr7t!
Missing character: There is no ú in font pplr7t!
Missing character: There is no ‚ in font pplr7t!
Missing character: There is no Ä in font pplr7t!
Missing character: There is no ù in font pplr7t!
Missing character: There is no √ in font pplr7t!
Missing character: There is no © in font pplr7t!

Underfull \hbox (badness 10000) in paragraph at lines 463--464
[]\OT1/ppl/b/n/9.53561 Vector De-com-po-si-tion\OT1/ppl/m/n/9.53561 : Given vec
-tors
 []


Underfull \hbox (badness 1668) in paragraph at lines 463--464
[] [] \OMS/cmsy/m/n/10 2 \U/msb/m/n/9.53561 Z[]$\OT1/ppl/m/n/9.53561 , $[] [] \
OMS/cmsy/m/n/10 2 \U/msb/m/n/9.53561 Z[]$
 []


Underfull \hbox (badness 10000) in paragraph at lines 468--469
[]\OT1/ppl/m/n/9.53561 Powerof2$[]  [] [] $ It out-puts the vec-tor
 []

[4]
Overfull \hbox (14.52545pt too wide) detected at line 528
[] \OMS/cmsy/m/n/10  [] \OT1/cmr/m/n/10 = \OML/cmm/m/it/10 pE \OT1/cmr/m/n/10 
+ \OML/cmm/m/it/10 m[]:m[] \OMS/cmsy/m/n/10  \OML/cmm/m/it/10 m[]:m[]
 []


Overfull \hbox (12.13324pt too wide) detected at line 556
\OT1/cmr/m/n/10 = \OML/cmm/m/it/10 b[]b[] \OMS/cmsy/m/n/10   [] \OML/cmm/m/it/1
0 s\OT1/cmr/m/n/10 [\OML/cmm/m/it/10 i\OT1/cmr/m/n/10 ] [] + [] [] [] []
 []

[5]

LaTeX Warning: Command \b invalid in math mode on input line 569.


Underfull \hbox (badness 2103) in paragraph at lines 577--578
\OT1/ppl/m/n/9.53561 Modulus switch-ing al-lows the ci-pher-text work-ing in
 []

LaTeX Font Info:    Font shape `OT1/phv/m/it' in size <9.53561> not available
(Font)              Font shape `OT1/phv/m/sl' tried instead on input line 583.
LaTeX Font Info:    Font shape `OT1/phv/bx/it' in size <9.53561> not available
(Font)              Font shape `OT1/phv/b/it' tried instead on input line 583.
LaTeX Font Info:    Font shape `OT1/phv/b/it' in size <9.53561> not available
(Font)              Font shape `OT1/phv/b/sl' tried instead on input line 583.

Overfull \hbox (9.29298pt too wide) detected at line 587
[] []
 []


Underfull \hbox (badness 10000) in paragraph at lines 611--612
[]\OT1/ppl/b/n/9.53561 pro-ce-dure \OT1/ppl/m/sc/9.53561 In-put:\OT1/ppl/m/n/9.
53561 ($\OML/cmm/m/it/10 a[] \OMS/cmsy/m/n/10 2 \U/msb/m/n/9.53561 Z[]$\OT1/ppl
/m/n/9.53561 , KeySwitchHint$\OMS/cmsy/m/n/10  
 []


Underfull \hbox (badness 2057) in paragraph at lines 613--614
[] \OT1/ppl/m/n/9.53561 Com-pute the base-$\OML/cmm/m/it/10 p[]$ \OT1/ppl/m/n/9
.53561 rep-re-sen-ta-tion of $\OML/cmm/m/it/10 a[] \OT1/cmr/m/n/10 =
 []

Missing character: There is no ‚ in font pplr7t!
Missing character: There is no Ä in font pplr7t!
Missing character: There is no ú in font pplr7t!
Missing character: There is no ‚ in font pplr7t!
Missing character: There is no Ä in font pplr7t!
Missing character: There is no ù in font pplr7t!
Missing character: There is no ‚ in font pplr7t!
Missing character: There is no Ä in font pplr7t!
Missing character: There is no ú in font pplr7t!
Missing character: There is no ‚ in font pplr7t!
Missing character: There is no Ä in font pplr7t!
Missing character: There is no ù in font pplr7t!
[6] [7

] ("bootstrapping paper.aux")

LaTeX Warning: Label(s) may have changed. Rerun to get cross-references right.

 ) 
Here is how much of TeX's memory you used:
 2807 strings out of 493305
 44492 string characters out of 3129802
 112328 words of memory out of 3000000
 6328 multiletter control sequences out of 15000+200000
 62549 words of font info for 144 fonts, out of 3000000 for 9000
 1144 hyphenation exceptions out of 8191
 31i,13n,31p,1751b,365s stack positions out of 5000i,500n,10000p,200000b,50000s
{C:/Users/nitgy/AppData/Local/Programs/MiKTeX 2.9/fonts/enc/dvips/base/8r.enc
}<C:/Users/nitgy/AppData/Local/Programs/MiKTeX 2.9/fonts/type1/public/amsfonts/
cm/cmex10.pfb><C:/Users/nitgy/AppData/Local/Programs/MiKTeX 2.9/fonts/type1/pub
lic/amsfonts/cmextra/cmex7.pfb><C:/Users/nitgy/AppData/Local/Programs/MiKTeX 2.
9/fonts/type1/public/amsfonts/cm/cmmi10.pfb><C:/Users/nitgy/AppData/Local/Progr
ams/MiKTeX 2.9/fonts/type1/public/amsfonts/cm/cmmi5.pfb><C:/Users/nitgy/AppData
/Local/Programs/MiKTeX 2.9/fonts/type1/public/amsfonts/cm/cmmi7.pfb><C:/Users/n
itgy/AppData/Local/Programs/MiKTeX 2.9/fonts/type1/public/amsfonts/cm/cmmi8.pfb
><C:/Users/nitgy/AppData/Local/Programs/MiKTeX 2.9/fonts/type1/public/amsfonts/
cm/cmr10.pfb><C:/Users/nitgy/AppData/Local/Programs/MiKTeX 2.9/fonts/type1/publ
ic/amsfonts/cm/cmr5.pfb><C:/Users/nitgy/AppData/Local/Programs/MiKTeX 2.9/fonts
/type1/public/amsfonts/cm/cmr7.pfb><C:/Users/nitgy/AppData/Local/Programs/MiKTe
X 2.9/fonts/type1/public/amsfonts/cm/cmsy10.pfb><C:/Users/nitgy/AppData/Local/P
rograms/MiKTeX 2.9/fonts/type1/public/amsfonts/cm/cmsy7.pfb><C:/Users/nitgy/App
Data/Local/Programs/MiKTeX 2.9/fonts/type1/public/amsfonts/cm/cmsy8.pfb><C:/Use
rs/nitgy/AppData/Local/Programs/MiKTeX 2.9/fonts/type1/public/amsfonts/symbols/
msbm10.pfb><C:/Users/nitgy/AppData/Local/Programs/MiKTeX 2.9/fonts/type1/public
/amsfonts/symbols/msbm7.pfb><C:/Users/nitgy/AppData/Local/Programs/MiKTeX 2.9/f
onts/type1/urw/helvetic/uhvb8a.pfb><C:/Users/nitgy/AppData/Local/Programs/MiKTe
X 2.9/fonts/type1/urw/helvetic/uhvbo8a.pfb><C:/Users/nitgy/AppData/Local/Progra
ms/MiKTeX 2.9/fonts/type1/urw/helvetic/uhvr8a.pfb><C:/Users/nitgy/AppData/Local
/Programs/MiKTeX 2.9/fonts/type1/urw/helvetic/uhvro8a.pfb><C:/Users/nitgy/AppDa
ta/Local/Programs/MiKTeX 2.9/fonts/type1/urw/palatino/uplb8a.pfb><C:/Users/nitg
y/AppData/Local/Programs/MiKTeX 2.9/fonts/type1/urw/palatino/uplr8a.pfb><C:/Use
rs/nitgy/AppData/Local/Programs/MiKTeX 2.9/fonts/type1/urw/palatino/uplri8a.pfb
><C:/Users/nitgy/AppData/Local/Programs/MiKTeX 2.9/fonts/type1/urw/zapfding/uzd
r.pfb>
Output written on "bootstrapping paper.pdf" (7 pages, 279868 bytes).
PDF statistics:
 115 PDF objects out of 1000 (max. 8388607)
 0 named destinations out of 1000 (max. 500000)
 1 words of extra memory for PDF output out of 10000 (max. 10000000)

